[debug] [2021-04-30T09:00:52.230Z] ----------------------------------------------------------------------
[debug] [2021-04-30T09:00:52.232Z] Command:       C:\Program Files\nodejs\node.exe C:\Users\vinay solanki\AppData\Roaming\npm\node_modules\firebase-tools\lib\bin\firebase.js init
[debug] [2021-04-30T09:00:52.232Z] CLI Version:   9.10.0
[debug] [2021-04-30T09:00:52.232Z] Platform:      win32
[debug] [2021-04-30T09:00:52.232Z] Node Version:  v14.16.0
[debug] [2021-04-30T09:00:52.233Z] Time:          Fri Apr 30 2021 14:30:52 GMT+0530 (India Standard Time)
[debug] [2021-04-30T09:00:52.233Z] ----------------------------------------------------------------------
[debug] 
[debug] [2021-04-30T09:00:52.241Z] > command requires scopes: ["email","openid","https://www.googleapis.com/auth/cloudplatformprojects.readonly","https://www.googleapis.com/auth/firebase","https://www.googleapis.com/auth/cloud-platform"]
[debug] [2021-04-30T09:00:52.241Z] > authorizing via signed-in user (vinaysolanki535@gmail.com)
[info] 
     ######## #### ########  ######## ########     ###     ######  ########
     ##        ##  ##     ## ##       ##     ##  ##   ##  ##       ##
     ######    ##  ########  ######   ########  #########  ######  ######
     ##        ##  ##    ##  ##       ##     ## ##     ##       ## ##
     ##       #### ##     ## ######## ########  ##     ##  ######  ########

You're about to initialize a Firebase project in this directory:

  F:\tinder react\tinder

Before we get started, keep in mind:

  * You are initializing in an existing Firebase project directory

